<?xml version="1.0" encoding="UTF-8"?>
<!-- Generated by org.testng.reporters.JUnitXMLReporter -->
<testsuite hostname="WKWIN9078125" name="RestAPITests" tests="4" failures="0" timestamp="26 Jul 2019 11:35:27 GMT" time="0.856" errors="0">
  <testcase name="weatherserialize" time="0.18" classname="qa.test.SerializationDeserializeExample"/>
  <testcase name="weatherdeserialize" time="0.021" classname="qa.test.SerializationDeserializeExample"/>
  <testcase name="Serializationbydbconnect" time="0.636" classname="qa.test.SerializationDeserializationDBdata"/>
  <testcase name="DeserializeDBdata" time="0.003" classname="qa.test.SerializationDeserializationDBdata"/>
</testsuite> <!-- RestAPITests -->
