<?xml version="1.0" encoding="UTF-8"?>
<!-- Generated by org.testng.reporters.JUnitXMLReporter -->
<testsuite hostname="WKWIN9078125" name="RestAPITests" tests="4" failures="0" timestamp="29 Jul 2019 05:45:35 GMT" time="1.467" errors="0">
  <testcase name="weatherserialize" time="0.298" classname="qa.test.SerializationDeserializeExample"/>
  <testcase name="weatherdeserialize" time="0.05" classname="qa.test.SerializationDeserializeExample"/>
  <testcase name="Serializationbydbconnect" time="1.102" classname="qa.test.SerializationDeserializationDBdata"/>
  <testcase name="DeserializeDBdata" time="0.002" classname="qa.test.SerializationDeserializationDBdata"/>
</testsuite> <!-- RestAPITests -->
