<?xml version="1.0" encoding="UTF-8"?>
<!-- Generated by org.testng.reporters.JUnitXMLReporter -->
<testsuite hostname="WKWIN9078125" name="RestAPITests" tests="4" failures="0" timestamp="29 Jul 2019 07:56:38 GMT" time="0.735" errors="0">
  <testcase name="weatherserialize" time="0.145" classname="qa.test.SerializationDeserializeExample"/>
  <testcase name="weatherdeserialize" time="0.019" classname="qa.test.SerializationDeserializeExample"/>
  <testcase name="Serializationbydbconnect" time="0.562" classname="qa.test.SerializationDeserializationDBdata"/>
  <testcase name="DeserializeDBdata" time="0.003" classname="qa.test.SerializationDeserializationDBdata"/>
</testsuite> <!-- RestAPITests -->
