<?xml version="1.0" encoding="UTF-8"?>
<testng-results skipped="0" failed="0" total="4" passed="4">
  <reporter-output>
  </reporter-output>
  <suite name="RestAPITest" duration-ms="1467" started-at="2019-07-29T05:45:33Z" finished-at="2019-07-29T05:45:35Z">
    <groups>
    </groups>
    <test name="RestAPITests" duration-ms="1467" started-at="2019-07-29T05:45:33Z" finished-at="2019-07-29T05:45:35Z">
      <class name="qa.test.SerializationDeserializeExample">
        <test-method status="PASS" signature="weatherserialize()[pri:0, instance:qa.test.SerializationDeserializeExample@100fc185]" name="weatherserialize" duration-ms="298" started-at="2019-07-29T11:15:33Z" finished-at="2019-07-29T11:15:34Z">
          <reporter-output>
          </reporter-output>
        </test-method> <!-- weatherserialize -->
        <test-method status="PASS" signature="weatherdeserialize()[pri:0, instance:qa.test.SerializationDeserializeExample@100fc185]" name="weatherdeserialize" duration-ms="50" started-at="2019-07-29T11:15:34Z" finished-at="2019-07-29T11:15:34Z">
          <reporter-output>
          </reporter-output>
        </test-method> <!-- weatherdeserialize -->
      </class> <!-- qa.test.SerializationDeserializeExample -->
      <class name="qa.test.SerializationDeserializationDBdata">
        <test-method status="PASS" signature="Serializationbydbconnect()[pri:0, instance:qa.test.SerializationDeserializationDBdata@402f32ff]" name="Serializationbydbconnect" duration-ms="1102" started-at="2019-07-29T11:15:34Z" finished-at="2019-07-29T11:15:35Z">
          <reporter-output>
          </reporter-output>
        </test-method> <!-- Serializationbydbconnect -->
        <test-method status="PASS" signature="DeserializeDBdata()[pri:0, instance:qa.test.SerializationDeserializationDBdata@402f32ff]" name="DeserializeDBdata" duration-ms="2" started-at="2019-07-29T11:15:35Z" finished-at="2019-07-29T11:15:35Z">
          <reporter-output>
          </reporter-output>
        </test-method> <!-- DeserializeDBdata -->
      </class> <!-- qa.test.SerializationDeserializationDBdata -->
    </test> <!-- RestAPITests -->
  </suite> <!-- RestAPITest -->
</testng-results>
